<?xml version="1.0" encoding="UTF-8"?>
<testng-results ignored="0" total="1" passed="1" failed="0" skipped="0">
  <reporter-output>
  </reporter-output>
  <suite started-at="2022-05-31T00:18:07 AEST" name="Surefire suite" finished-at="2022-05-31T00:18:07 AEST" duration-ms="25">
    <groups>
    </groups>
    <test started-at="2022-05-31T00:18:07 AEST" name="Surefire test" finished-at="2022-05-31T00:18:07 AEST" duration-ms="25">
      <class name="com.example.SampleTest">
        <test-method signature="Test1()[pri:0, instance:com.example.SampleTest@3901d134]" started-at="2022-05-31T00:18:07 AEST" name="Test1" finished-at="2022-05-31T00:18:07 AEST" duration-ms="3" status="PASS">
          <reporter-output>
          </reporter-output>
        </test-method> <!-- Test1 -->
      </class> <!-- com.example.SampleTest -->
    </test> <!-- Surefire test -->
  </suite> <!-- Surefire suite -->
</testng-results>
